{"/Users/sherryh/Personal/w9-thesis/FocusPro/client/src/__test__/sum.js": {"path":"/Users/sherryh/Personal/w9-thesis/FocusPro/client/src/__test__/sum.js","statementMap":{"0":{"start":{"line":2,"column":2},"end":{"line":2,"column":15}},"1":{"start":{"line":4,"column":0},"end":{"line":4,"column":21}}},"fnMap":{"0":{"name":"sum","decl":{"start":{"line":1,"column":9},"end":{"line":1,"column":12}},"loc":{"start":{"line":1,"column":19},"end":{"line":3,"column":1}}}},"branchMap":{},"s":{"0":1,"1":1},"f":{"0":1},"b":{},"_coverageSchema":"332fd63041d2c1bcb487cc26dd0d5f7d97098a6c","hash":"330d6492cb31f8b292178fb959995d10647a2596"}
,"/Users/sherryh/Personal/w9-thesis/FocusPro/client/src/components/App.js": {"path":"/Users/sherryh/Personal/w9-thesis/FocusPro/client/src/components/App.js","statementMap":{"0":{"start":{"line":9,"column":4},"end":{"line":9,"column":17}},"1":{"start":{"line":14,"column":19},"end":{"line":14,"column":23}},"2":{"start":{"line":15,"column":4},"end":{"line":20,"column":5}},"3":{"start":{"line":17,"column":6},"end":{"line":19,"column":9}},"4":{"start":{"line":21,"column":4},"end":{"line":35,"column":6}}},"fnMap":{"0":{"name":"(anonymous_0)","decl":{"start":{"line":8,"column":2},"end":{"line":8,"column":3}},"loc":{"start":{"line":8,"column":22},"end":{"line":10,"column":3}}},"1":{"name":"(anonymous_1)","decl":{"start":{"line":12,"column":2},"end":{"line":12,"column":3}},"loc":{"start":{"line":12,"column":11},"end":{"line":36,"column":3}}}},"branchMap":{"0":{"loc":{"start":{"line":15,"column":4},"end":{"line":20,"column":5}},"type":"if","locations":[{"start":{"line":15,"column":4},"end":{"line":20,"column":5}},{"start":{"line":15,"column":4},"end":{"line":20,"column":5}}]}},"s":{"0":2,"1":2,"2":2,"3":0,"4":2},"f":{"0":2,"1":2},"b":{"0":[0,2]},"_coverageSchema":"332fd63041d2c1bcb487cc26dd0d5f7d97098a6c","hash":"21500a4c0b35eff6c46c5b9b26241971c9f34fba"}
,"/Users/sherryh/Personal/w9-thesis/FocusPro/client/src/components/Dashboard.js": {"path":"/Users/sherryh/Personal/w9-thesis/FocusPro/client/src/components/Dashboard.js","statementMap":{"0":{"start":{"line":10,"column":4},"end":{"line":72,"column":6}},"1":{"start":{"line":36,"column":98},"end":{"line":36,"column":121}}},"fnMap":{"0":{"name":"(anonymous_0)","decl":{"start":{"line":9,"column":2},"end":{"line":9,"column":3}},"loc":{"start":{"line":9,"column":11},"end":{"line":73,"column":3}}},"1":{"name":"(anonymous_1)","decl":{"start":{"line":36,"column":94},"end":{"line":36,"column":95}},"loc":{"start":{"line":36,"column":98},"end":{"line":36,"column":121}}}},"branchMap":{},"s":{"0":1,"1":0},"f":{"0":1,"1":0},"b":{},"_coverageSchema":"332fd63041d2c1bcb487cc26dd0d5f7d97098a6c","hash":"87a924273daf897756fe5628f964b4f1d049a263"}
,"/Users/sherryh/Personal/w9-thesis/FocusPro/client/src/components/Goal.js": {"path":"/Users/sherryh/Personal/w9-thesis/FocusPro/client/src/components/Goal.js","statementMap":{"0":{"start":{"line":8,"column":4},"end":{"line":19,"column":6}}},"fnMap":{"0":{"name":"(anonymous_0)","decl":{"start":{"line":7,"column":2},"end":{"line":7,"column":3}},"loc":{"start":{"line":7,"column":11},"end":{"line":20,"column":3}}}},"branchMap":{},"s":{"0":2},"f":{"0":2},"b":{},"_coverageSchema":"332fd63041d2c1bcb487cc26dd0d5f7d97098a6c","hash":"55f96d418d96aef476572811786ec22cd0782c5c"}
,"/Users/sherryh/Personal/w9-thesis/FocusPro/client/src/components/Landingpage.js": {"path":"/Users/sherryh/Personal/w9-thesis/FocusPro/client/src/components/Landingpage.js","statementMap":{"0":{"start":{"line":8,"column":4},"end":{"line":83,"column":6}}},"fnMap":{"0":{"name":"(anonymous_0)","decl":{"start":{"line":7,"column":2},"end":{"line":7,"column":3}},"loc":{"start":{"line":7,"column":11},"end":{"line":84,"column":3}}}},"branchMap":{},"s":{"0":1},"f":{"0":1},"b":{},"_coverageSchema":"332fd63041d2c1bcb487cc26dd0d5f7d97098a6c","hash":"f0eeb1f32c1087f15bb7e2309baad89931e0b189"}
,"/Users/sherryh/Personal/w9-thesis/FocusPro/client/src/components/Motivational.js": {"path":"/Users/sherryh/Personal/w9-thesis/FocusPro/client/src/components/Motivational.js","statementMap":{"0":{"start":{"line":6,"column":4},"end":{"line":51,"column":6}}},"fnMap":{"0":{"name":"(anonymous_0)","decl":{"start":{"line":5,"column":2},"end":{"line":5,"column":3}},"loc":{"start":{"line":5,"column":11},"end":{"line":52,"column":3}}}},"branchMap":{},"s":{"0":1},"f":{"0":1},"b":{},"_coverageSchema":"332fd63041d2c1bcb487cc26dd0d5f7d97098a6c","hash":"d09b0307e67f7a18ada48c8fc377b725dad0be95"}
,"/Users/sherryh/Personal/w9-thesis/FocusPro/client/src/components/Selfreflection.js": {"path":"/Users/sherryh/Personal/w9-thesis/FocusPro/client/src/components/Selfreflection.js","statementMap":{"0":{"start":{"line":6,"column":4},"end":{"line":31,"column":6}}},"fnMap":{"0":{"name":"(anonymous_0)","decl":{"start":{"line":5,"column":2},"end":{"line":5,"column":3}},"loc":{"start":{"line":5,"column":11},"end":{"line":32,"column":3}}}},"branchMap":{},"s":{"0":1},"f":{"0":1},"b":{},"_coverageSchema":"332fd63041d2c1bcb487cc26dd0d5f7d97098a6c","hash":"71ddcea20e8d8561001b7378d5675cbd61df4d4d"}
,"/Users/sherryh/Personal/w9-thesis/FocusPro/client/src/components/Settings.js": {"path":"/Users/sherryh/Personal/w9-thesis/FocusPro/client/src/components/Settings.js","statementMap":{"0":{"start":{"line":7,"column":4},"end":{"line":61,"column":6}}},"fnMap":{"0":{"name":"(anonymous_0)","decl":{"start":{"line":6,"column":2},"end":{"line":6,"column":3}},"loc":{"start":{"line":6,"column":11},"end":{"line":62,"column":3}}}},"branchMap":{},"s":{"0":1},"f":{"0":1},"b":{},"_coverageSchema":"332fd63041d2c1bcb487cc26dd0d5f7d97098a6c","hash":"4444d320f71b5f26843317443c69f3fe1a59bbd4"}
,"/Users/sherryh/Personal/w9-thesis/FocusPro/client/src/components/Sidebar.js": {"path":"/Users/sherryh/Personal/w9-thesis/FocusPro/client/src/components/Sidebar.js","statementMap":{"0":{"start":{"line":8,"column":4},"end":{"line":8,"column":17}},"1":{"start":{"line":9,"column":4},"end":{"line":11,"column":6}},"2":{"start":{"line":13,"column":4},"end":{"line":15,"column":7}},"3":{"start":{"line":14,"column":6},"end":{"line":14,"column":45}},"4":{"start":{"line":19,"column":4},"end":{"line":46,"column":6}}},"fnMap":{"0":{"name":"(anonymous_0)","decl":{"start":{"line":7,"column":2},"end":{"line":7,"column":3}},"loc":{"start":{"line":7,"column":20},"end":{"line":16,"column":3}}},"1":{"name":"(anonymous_1)","decl":{"start":{"line":13,"column":47},"end":{"line":13,"column":48}},"loc":{"start":{"line":13,"column":61},"end":{"line":15,"column":5}}},"2":{"name":"(anonymous_2)","decl":{"start":{"line":18,"column":2},"end":{"line":18,"column":3}},"loc":{"start":{"line":18,"column":10},"end":{"line":47,"column":3}}}},"branchMap":{"0":{"loc":{"start":{"line":31,"column":13},"end":{"line":36,"column":23}},"type":"binary-expr","locations":[{"start":{"line":31,"column":13},"end":{"line":31,"column":34}},{"start":{"line":31,"column":38},"end":{"line":36,"column":23}}]},"1":{"loc":{"start":{"line":39,"column":17},"end":{"line":39,"column":113}},"type":"binary-expr","locations":[{"start":{"line":39,"column":17},"end":{"line":39,"column":39}},{"start":{"line":39,"column":43},"end":{"line":39,"column":113}}]},"2":{"loc":{"start":{"line":42,"column":13},"end":{"line":42,"column":158}},"type":"binary-expr","locations":[{"start":{"line":42,"column":13},"end":{"line":42,"column":34}},{"start":{"line":42,"column":38},"end":{"line":42,"column":158}}]},"3":{"loc":{"start":{"line":43,"column":13},"end":{"line":43,"column":177}},"type":"binary-expr","locations":[{"start":{"line":43,"column":13},"end":{"line":43,"column":34}},{"start":{"line":43,"column":38},"end":{"line":43,"column":177}}]}},"s":{"0":2,"1":2,"2":2,"3":0,"4":2},"f":{"0":2,"1":0,"2":2},"b":{"0":[2,1],"1":[2,1],"2":[2,1],"3":[2,1]},"_coverageSchema":"332fd63041d2c1bcb487cc26dd0d5f7d97098a6c","hash":"d4c5ee6026db300b21584c31e9de8971f245e60b"}
,"/Users/sherryh/Personal/w9-thesis/FocusPro/client/src/components/Site.js": {"path":"/Users/sherryh/Personal/w9-thesis/FocusPro/client/src/components/Site.js","statementMap":{"0":{"start":{"line":6,"column":4},"end":{"line":10,"column":6}}},"fnMap":{"0":{"name":"(anonymous_0)","decl":{"start":{"line":5,"column":2},"end":{"line":5,"column":3}},"loc":{"start":{"line":5,"column":11},"end":{"line":11,"column":3}}}},"branchMap":{},"s":{"0":3},"f":{"0":3},"b":{},"_coverageSchema":"332fd63041d2c1bcb487cc26dd0d5f7d97098a6c","hash":"9492eea081e17f86d38adab48ead3f6d95f14229"}
,"/Users/sherryh/Personal/w9-thesis/FocusPro/client/src/components/Stat.js": {"path":"/Users/sherryh/Personal/w9-thesis/FocusPro/client/src/components/Stat.js","statementMap":{"0":{"start":{"line":6,"column":4},"end":{"line":10,"column":6}}},"fnMap":{"0":{"name":"(anonymous_0)","decl":{"start":{"line":5,"column":2},"end":{"line":5,"column":3}},"loc":{"start":{"line":5,"column":11},"end":{"line":11,"column":3}}}},"branchMap":{},"s":{"0":3},"f":{"0":3},"b":{},"_coverageSchema":"332fd63041d2c1bcb487cc26dd0d5f7d97098a6c","hash":"66f165bd0879d3c323177babfe3e6e3429a35a69"}
,"/Users/sherryh/Personal/w9-thesis/FocusPro/client/src/components/Subgoal.js": {"path":"/Users/sherryh/Personal/w9-thesis/FocusPro/client/src/components/Subgoal.js","statementMap":{"0":{"start":{"line":6,"column":4},"end":{"line":12,"column":6}}},"fnMap":{"0":{"name":"(anonymous_0)","decl":{"start":{"line":5,"column":2},"end":{"line":5,"column":3}},"loc":{"start":{"line":5,"column":11},"end":{"line":13,"column":3}}}},"branchMap":{},"s":{"0":3},"f":{"0":3},"b":{},"_coverageSchema":"332fd63041d2c1bcb487cc26dd0d5f7d97098a6c","hash":"649d1ff4f19782a9e08cbb203bcaec00f72ecc3e"}
}
