TN:
SF:/Users/sherryh/Personal/w9-thesis/FocusPro/client/src/__test__/sum.js
FN:1,sum
FNF:1
FNH:1
FNDA:1,sum
DA:2,1
DA:4,1
LF:2
LH:2
BRF:0
BRH:0
end_of_record
TN:
SF:/Users/sherryh/Personal/w9-thesis/FocusPro/client/src/components/App.js
FN:8,(anonymous_0)
FN:12,(anonymous_1)
FNF:2
FNH:2
FNDA:2,(anonymous_0)
FNDA:2,(anonymous_1)
DA:9,2
DA:14,2
DA:15,2
DA:17,0
DA:21,2
LF:5
LH:4
BRDA:15,0,0,0
BRDA:15,0,1,2
BRF:2
BRH:1
end_of_record
TN:
SF:/Users/sherryh/Personal/w9-thesis/FocusPro/client/src/components/Dashboard.js
FN:9,(anonymous_0)
FN:36,(anonymous_1)
FNF:2
FNH:1
FNDA:1,(anonymous_0)
FNDA:0,(anonymous_1)
DA:10,1
DA:36,0
LF:2
LH:1
BRF:0
BRH:0
end_of_record
TN:
SF:/Users/sherryh/Personal/w9-thesis/FocusPro/client/src/components/Goal.js
FN:7,(anonymous_0)
FNF:1
FNH:1
FNDA:2,(anonymous_0)
DA:8,2
LF:1
LH:1
BRF:0
BRH:0
end_of_record
TN:
SF:/Users/sherryh/Personal/w9-thesis/FocusPro/client/src/components/Landingpage.js
FN:7,(anonymous_0)
FNF:1
FNH:1
FNDA:1,(anonymous_0)
DA:8,1
LF:1
LH:1
BRF:0
BRH:0
end_of_record
TN:
SF:/Users/sherryh/Personal/w9-thesis/FocusPro/client/src/components/Motivational.js
FN:5,(anonymous_0)
FNF:1
FNH:1
FNDA:1,(anonymous_0)
DA:6,1
LF:1
LH:1
BRF:0
BRH:0
end_of_record
TN:
SF:/Users/sherryh/Personal/w9-thesis/FocusPro/client/src/components/Selfreflection.js
FN:5,(anonymous_0)
FNF:1
FNH:1
FNDA:1,(anonymous_0)
DA:6,1
LF:1
LH:1
BRF:0
BRH:0
end_of_record
TN:
SF:/Users/sherryh/Personal/w9-thesis/FocusPro/client/src/components/Settings.js
FN:6,(anonymous_0)
FNF:1
FNH:1
FNDA:1,(anonymous_0)
DA:7,1
LF:1
LH:1
BRF:0
BRH:0
end_of_record
TN:
SF:/Users/sherryh/Personal/w9-thesis/FocusPro/client/src/components/Sidebar.js
FN:7,(anonymous_0)
FN:13,(anonymous_1)
FN:18,(anonymous_2)
FNF:3
FNH:2
FNDA:2,(anonymous_0)
FNDA:0,(anonymous_1)
FNDA:2,(anonymous_2)
DA:8,2
DA:9,2
DA:13,2
DA:14,0
DA:19,2
LF:5
LH:4
BRDA:31,0,0,2
BRDA:31,0,1,1
BRDA:39,1,0,2
BRDA:39,1,1,1
BRDA:42,2,0,2
BRDA:42,2,1,1
BRDA:43,3,0,2
BRDA:43,3,1,1
BRF:8
BRH:8
end_of_record
TN:
SF:/Users/sherryh/Personal/w9-thesis/FocusPro/client/src/components/Site.js
FN:5,(anonymous_0)
FNF:1
FNH:1
FNDA:3,(anonymous_0)
DA:6,3
LF:1
LH:1
BRF:0
BRH:0
end_of_record
TN:
SF:/Users/sherryh/Personal/w9-thesis/FocusPro/client/src/components/Stat.js
FN:5,(anonymous_0)
FNF:1
FNH:1
FNDA:3,(anonymous_0)
DA:6,3
LF:1
LH:1
BRF:0
BRH:0
end_of_record
TN:
SF:/Users/sherryh/Personal/w9-thesis/FocusPro/client/src/components/Subgoal.js
FN:5,(anonymous_0)
FNF:1
FNH:1
FNDA:3,(anonymous_0)
DA:6,3
LF:1
LH:1
BRF:0
BRH:0
end_of_record
